<?xml version="1.0" encoding="UTF-8"?>
<!-- Generated by org.testng.reporters.JUnitXMLReporter -->
<testsuite hostname="DESKTOP-C37E15E" ignored="0" name="Test" tests="1" failures="1" timestamp="15 Aug 2020 08:42:34 GMT" time="29.889" errors="0">
  <testcase name="udse" time="29.67" classname="pack.Mavend.UisTest">
    <failure type="java.lang.RuntimeException" message="Unexpected result for screenshot command: null">
      <![CDATA[java.lang.RuntimeException: Unexpected result for screenshot command: null
	at org.openqa.selenium.remote.RemoteWebDriver.getScreenshotAs(RemoteWebDriver.java:337)
	at pack.Mavend.UisTest.udse(UisTest.java:29)
... Removed 29 stack frames]]>
    </failure>
  </testcase> <!-- udse -->
</testsuite> <!-- Test -->
